<?xml version="1.0" encoding="UTF-8"?>
<!-- Generated by org.testng.reporters.JUnitXMLReporter -->
<testsuite hostname="ASDP1534PO01976" ignored="0" name="Default test" tests="3" failures="0" timestamp="07 Sep 2018 08:32:06 GMT" time="3.194" errors="0">
  <testcase name="isBothJsonFileParsed" time="3.169" classname="com.qainfotech.com.RestAssuredJSONTesting.RestAssuredJson"/>
  <testcase name="isIDAndUserIDSame" time="0.001" classname="com.qainfotech.com.RestAssuredJSONTesting.RestAssuredJson"/>
  <testcase name="isUserIDHave20Replication" time="0.0" classname="com.qainfotech.com.RestAssuredJSONTesting.RestAssuredJson"/>
</testsuite> <!-- Default test -->
